<?xml version="1.0" encoding="UTF-8"?>
<robot generator="Robot 4.1.3 (Python 3.10.2 on win32)" generated="20240319 20:18:35.208" rpa="false" schemaversion="2">
<suite id="s1" name="Serverest" source="C:\live_API\serverest.robot">
<test id="s1-t1" name="Acessar o site DemoBlaze e verificar o título">
<kw name="Open Browser" library="SeleniumLibrary">
<arg>https://www.demoblaze.com/</arg>
<arg>${BROWSER}</arg>
<doc>Opens a new browser instance to the optional ``url``.</doc>
<msg timestamp="20240319 20:18:37.125" level="INFO">Opening browser 'headlesschrome' to base url 'https://www.demoblaze.com/'.</msg>
<status status="PASS" starttime="20240319 20:18:37.123" endtime="20240319 20:18:47.300"/>
</kw>
<kw name="Maximize Browser Window" library="SeleniumLibrary">
<doc>Maximizes current browser window.</doc>
<status status="PASS" starttime="20240319 20:18:47.305" endtime="20240319 20:18:48.204"/>
</kw>
<kw name="Get Title" library="SeleniumLibrary">
<var>${title}</var>
<doc>Returns the title of the current page.</doc>
<msg timestamp="20240319 20:18:48.252" level="INFO">${title} = STORE</msg>
<status status="PASS" starttime="20240319 20:18:48.207" endtime="20240319 20:18:48.255"/>
</kw>
<kw name="Should Be Equal" library="BuiltIn">
<arg>${title}</arg>
<arg>STORE</arg>
<doc>Fails if the given objects are unequal.</doc>
<status status="PASS" starttime="20240319 20:18:48.276" endtime="20240319 20:18:48.277"/>
</kw>
<status status="PASS" starttime="20240319 20:18:37.117" endtime="20240319 20:18:48.280"/>
</test>
<status status="PASS" starttime="20240319 20:18:35.216" endtime="20240319 20:18:48.294"/>
</suite>
<statistics>
<total>
<stat pass="1" fail="0" skip="0">All Tests</stat>
</total>
<tag>
</tag>
<suite>
<stat pass="1" fail="0" skip="0" id="s1" name="Serverest">Serverest</stat>
</suite>
</statistics>
<errors>
</errors>
</robot>
