<?xml version="1.0" encoding="UTF-8"?>
<robot generator="Robot 4.1.3 (Python 3.10.2 on win32)" generated="20240314 21:03:46.453" rpa="false" schemaversion="2">
<suite id="s1" name="Serverest" source="C:\live_API\serverest.robot">
<test id="s1-t1" name="Cadastro Usuario">
<kw name="Create Dictionary" library="BuiltIn">
<var>${payload}</var>
<arg>nome=Guilherme Nicolas Cláudio Pires</arg>
<arg>email=noah-gomes92@br.atlasdfscopsdfsdfco.com</arg>
<arg>password=teste</arg>
<arg>administrador=true</arg>
<doc>Creates and returns a dictionary based on the given ``items``.</doc>
<msg timestamp="20240314 21:03:46.777" level="INFO">${payload} = {'nome': 'Guilherme Nicolas Cláudio Pires', 'email': 'noah-gomes92@br.atlasdfscopsdfsdfco.com', 'password': 'teste', 'administrador': 'true'}</msg>
<status status="PASS" starttime="20240314 21:03:46.775" endtime="20240314 21:03:46.777"/>
</kw>
<kw name="Create Dictionary" library="BuiltIn">
<var>${headers}</var>
<arg>accept=application/json</arg>
<arg>Content-Type=application/json</arg>
<doc>Creates and returns a dictionary based on the given ``items``.</doc>
<msg timestamp="20240314 21:03:46.778" level="INFO">${headers} = {'accept': 'application/json', 'Content-Type': 'application/json'}</msg>
<status status="PASS" starttime="20240314 21:03:46.777" endtime="20240314 21:03:46.778"/>
</kw>
<kw name="POST" library="RequestsLibrary">
<var>${response}</var>
<arg>${CADASTRO_USUARIO}</arg>
<arg>json=${payload}</arg>
<arg>headers=${headers}</arg>
<doc>Sends a POST request.</doc>
<msg timestamp="20240314 21:03:47.179" level="INFO">POST Request : url=https://serverest.dev/usuarios 
 path_url=/usuarios 
 headers={'User-Agent': 'python-requests/2.27.1', 'Accept-Encoding': 'gzip, deflate', 'accept': 'application/json', 'Connection': 'keep-alive', 'Content-Type': 'application/json', 'Content-Length': '146'} 
 body=b'{"nome": "Guilherme Nicolas Cl\\u00e1udio Pires", "email": "noah-gomes92@br.atlasdfscopsdfsdfco.com", "password": "teste", "administrador": "true"}' 
 </msg>
<msg timestamp="20240314 21:03:47.180" level="INFO">POST Response : url=https://serverest.dev/usuarios 
 status=400, reason=Bad Request 
 headers={'access-control-allow-origin': '*', 'x-dns-prefetch-control': 'off', 'x-frame-options': 'SAMEORIGIN', 'strict-transport-security': 'max-age=15552000; includeSubDomains', 'x-download-options': 'noopen', 'x-content-type-options': 'nosniff', 'x-xss-protection': '1; mode=block', 'content-type': 'application/json; charset=utf-8', 'X-Cloud-Trace-Context': '01bd35db04dda3df177332e5dc5f08e0;o=1', 'Date': 'Fri, 15 Mar 2024 00:03:48 GMT', 'Server': 'Google Frontend', 'Content-Length': '53'} 
 body={
    "message": "Este email já está sendo usado"
} 
 </msg>
<msg timestamp="20240314 21:03:47.183" level="FAIL">HTTPError: 400 Client Error: Bad Request for url: https://serverest.dev/usuarios</msg>
<status status="FAIL" starttime="20240314 21:03:46.779" endtime="20240314 21:03:47.183"/>
</kw>
<kw name="Status Should Be" library="RequestsLibrary">
<arg>201</arg>
<doc>Fails if response status code is different than the expected.</doc>
<status status="NOT RUN" starttime="20240314 21:03:47.186" endtime="20240314 21:03:47.186"/>
</kw>
<status status="FAIL" starttime="20240314 21:03:46.774" endtime="20240314 21:03:47.187">HTTPError: 400 Client Error: Bad Request for url: https://serverest.dev/usuarios</status>
</test>
<test id="s1-t2" name="Lista de usuarios cadastrados">
<kw name="Create Dictionary" library="BuiltIn">
<var>${headers}</var>
<arg>accept=application/json</arg>
<arg>Content-Type=application/json</arg>
<doc>Creates and returns a dictionary based on the given ``items``.</doc>
<msg timestamp="20240314 21:03:47.191" level="INFO">${headers} = {'accept': 'application/json', 'Content-Type': 'application/json'}</msg>
<status status="PASS" starttime="20240314 21:03:47.191" endtime="20240314 21:03:47.191"/>
</kw>
<kw name="GET" library="RequestsLibrary">
<var>${response}</var>
<arg>${LISTA_USUARIO}</arg>
<arg>headers=${headers}</arg>
<doc>Sends a GET request.</doc>
<msg timestamp="20240314 21:03:47.590" level="INFO">GET Request : url=https://serverest.dev/usuarios 
 path_url=/usuarios 
 headers={'User-Agent': 'python-requests/2.27.1', 'Accept-Encoding': 'gzip, deflate', 'accept': 'application/json', 'Connection': 'keep-alive', 'Content-Type': 'application/json'} 
 body=None 
 </msg>
<msg timestamp="20240314 21:03:47.591" level="INFO">GET Response : url=https://serverest.dev/usuarios 
 status=200, reason=OK 
 headers={'access-control-allow-origin': '*', 'x-dns-prefetch-control': 'off', 'x-frame-options': 'SAMEORIGIN', 'strict-transport-security': 'max-age=15552000; includeSubDomains', 'x-download-options': 'noopen', 'x-content-type-options': 'nosniff', 'x-xss-protection': '1; mode=block', 'content-type': 'application/json; charset=utf-8', 'X-Cloud-Trace-Context': 'fcdc49ee1c4f1741e7b269c69e48e045', 'Date': 'Fri, 15 Mar 2024 00:03:48 GMT', 'Server': 'Google Frontend', 'Content-Length': '12265'} 
 body={
    "quantidade": 56,
    "usuarios": [
        {
            "nome": "Raimundo Leonardo da Silva",
            "email": "raimundoleonardodasilva@mcpsolucoesgraficas.com.br",
            "password": "teste",
            "administrador": "true",
            "_id": "0giZYSjJFroLMrUR"
        },
        {
            "nome": "joao schardo",
            "email": "gbwom@emailteste.com.br",
            "password": "1234",
            "administrador": "true",
            "_id": "0xHMUEEI6sgYr3bS"
        },
        {
            "nome": "Renato Leonardo Ruan Bernardes",
            "email": "renatoleonardobernardes@ortovip.com.br",
            "password": "teste",
            "administrador": "true",
            "_id": "2LLCjn0qa1QD9ydQ"
        },
        {
            "nome": "Sabryna",
            "email": "siennakoelpin@lesch.net",
            "password": "_y74dQb4j-fU",
            "administrador": "true",
            "_id": "2olZItbK0jmQBJne"
        },
        {
            "nome": "Robbie",
            "email": "ismaelbogisich@larson.biz",
            "password": "hu.#WgCDC2h6",
            "administrador": "true",
            "_id": "34yjFvfNDWxmBjiu"
        },
        {
            "nome": "joao schardo",
            "email": "vlwxi@emailteste.com.br",
            "password": "1234",
            "administrador": "true",
            "_id": "3icmpUZYjPBcHPc0"
        },
        {
            "nome": "Fulano da Silva",
            "email": "ydwe@emailteste.com",
            "password": "1234",
            "administrador": "true",
            "_id": "3tsTfsSfzWSW1DI9"
        },
        {
            "nome": "Alanis",
            "email": "roycebeer@muller.name",
            "password": "kCx1bWjKl9zB",
            "administrador": "true",
            "_id": "45Kd2h1tVtveWFU7"
        },
        {
            "nome": "Alex",
            "email": "blakelueilwitz@jakubowski.com",
            "password": "W!aLRf5x1o7O",
            "administrador": "true",
            "_id": "4S4RzFatTqdKc41t"
        },
        {
            "nome": "Maybell",
            "email": "sibylgleichner@maggio.io",
            "password": "-RG0G@lA?o9X",
            "administrador": "true",
            "_id": "4akTsZ1NfgQaBJYP"
        },
        {
            "nome": "Ari",
            "email": "kristofferlang@christiansen.com",
            "password": "?Qsz9@WM&amp;_#j",
            "administrador": "true",
            "_id": "5PCQIXMZq62gDVPd"
        },
        {
            "nome": "Beatriz Ramos",
            "email": "beatrizkatriny@hotmail.com",
            "password": "katriny5",
            "administrador": "false",
            "_id": "6EgDOgUoDehK1kDa"
        },
        {
            "nome": "Rashad",
            "email": "barrycronin@vandervort.org",
            "password": "B4Mr@!c-6E-4",
            "administrador": "true",
            "_id": "7vyIvyG3bmZGVbWy"
        },
        {
            "nome": "joão schardo",
            "email": "rijvx@emailteste.com.br",
            "password": "1234",
            "administrador": "true",
            "_id": "B9bYpcFsdewHvcc9"
        },
        {
            "nome": "Eliseo",
            "email": "ardellaharris@rice.org",
            "password": "DU2U.s8l!Ai5",
            "administrador": "true",
            "_id": "BOwt8WMXbJpb1wNY"
        },
        {
            "nome": "Guilherme Nicolas Cláudio Pires",
            "email": "noah-gomes92@br.atlascopco.com",
            "password": "teste",
            "administrador": "true",
            "_id": "Ftchj1vxbU9Vi5rm"
        },
        {
            "nome": "Fulano da Silva",
            "email": "pcxa@emailteste.com",
            "password": "1234",
            "administrador": "true",
            "_id": "G19zEM1mWTUsaCT8"
        },
        {
            "nome": "joão schardo",
            "email": "jzgpb@emailteste.com.br",
            "password": "1234",
            "administrador": "true",
            "_id": "G2vmJcGyy9ADSR0D"
        },
        {
            "nome": "joao schardo",
            "email": "uiaoz@emailteste.com.br",
            "password": "1234",
            "administrador": "true",
            "_id": "GfoGOHQ4OhSvRWmn"
        },
        {
            "nome": "joão schardo",
            "email": "bcclx@emailteste.com.br",
            "password": "1234",
            "administrador": "true",
            "_id": "Gl8eJlyahTrq4glx"
        },
        {
            "nome": "joão schardo",
            "email": "bzepr@emailteste.com.br",
            "password": "1234",
            "administrador": "true",
            "_id": "JOV1rZa3fkAOll0Q"
        },
        {
            "nome": "joão schardo",
            "email": "fbewz@emailteste.com.br",
            "password": "1234",
            "administrador": "true",
            "_id": "K2BwmQlxBb55NEj4"
        },
        {
            "nome": "Felipe",
            "email": "felipe@qa.com.br",
            "password": "1231412",
            "administrador": "false",
            "_id": "LAKG2SxseMLLluFX"
        },
        {
            "nome": "joão schardo",
            "email": "atlak@emailteste.com.br",
            "password": "1234",
            "administrador": "true",
            "_id": "NSQllVCa4NtB45F9"
        },
        {
            "nome": "Jameson",
            "email": "carletonmohr@kihn.com",
            "password": "SpiXkl05B1w@",
            "administrador": "true",
            "_id": "OEtMIjR4SOwgVo2K"
        },
        {
            "nome": "Crocodilo",
            "email": "crocrodilo1@mail.com",
            "password": "dino123",
            "administrador": "true",
            "_id": "OfUnABQMb56oGuJF"
        },
        {
            "nome": "Fulano da Silva",
            "email": "kjpp@emailteste.com",
            "password": "1234",
            "administrador": "true",
            "_id": "PL24fSQRONXM1aPT"
        },
        {
            "nome": "Cristian",
            "email": "noemiekoch@dach.biz",
            "password": "X2L@HV524*Ko",
            "administrador": "true",
            "_id": "RqYhBym8e1D4OtaB"
        },
        {
            "nome": "Darrick",
            "email": "martinemann@spencer.org",
            "password": "93PsD8CoPjDW",
            "administrador": "true",
            "_id": "Uak238Y1F3HY07JK"
        },
        {
            "nome": "joao schardo",
            "email": "coimu@emailteste.com.br",
            "password": "1234",
            "administrador": "true",
            "_id": "Uzi8rT9PQBrlk87A"
        },
        {
            "nome": "Andre",
            "email": "cleobartoletti@lind.info",
            "password": "IJI7P*W#73kc",
            "administrador": "true",
            "_id": "WjsPso4hrn8DywUc"
        },
        {
            "nome": "Guilherme Nicolas Cláudio Pires",
            "email": "noah-gomes92@br.atlasdfscopsdfsdfco.com",
            "password": "teste",
            "administrador": "true",
            "_id": "Wqq4FbGKGb0QKFDm"
        },
        {
            "nome": "Anais",
            "email": "sidneyzemlak@rosenbaum.name",
            "password": "3MkcN0NR6w__",
            "administrador": "true",
            "_id": "YbghyyG6JdPmEzId"
        },
        {
            "nome": "Fulano da Silva",
            "email": "beltrano@qa.com.br",
            "password": "teste",
            "administrador": "true",
            "_id": "avQ6pYcsk6k0D2fo"
        },
        {
            "nome": "Ron",
            "email": "richmondnikolaus@shields.net",
            "password": "M1hO*j3a.9Ul",
            "administrador": "true",
            "_id": "cTvM1SD1m7atU2ml"
        },
        {
            "nome": "Faye",
            "email": "myrtlehermiston@lakin.com",
            "password": "gs0T5KK39831",
            "administrador": "true",
            "_id": "eKklf0ECNLQpGNgs"
        },
        {
            "nome": "Guilherme Nicolas Cláudio Pires",
            "email": "noah-gomes92@br.atlascopsdfsdfco.com",
            "password": "teste",
            "administrador": "true",
            "_id": "f0etFi3y5woTizLq"
        },
        {
            "nome": "Fulano da Silva",
            "email": "nhct@emailteste.com",
            "password": "1234",
            "administrador": "true",
            "_id": "fSITG1PQFSTNPe3v"
        },
        {
            "nome": "Guilherme Nicolas Cláudio Pires",
            "email": "guilherme.nicolsas.pires@acmsaopaulo.org",
            "password": "teste",
            "administrador": "true",
            "_id": "hFmblEJFcHUAw3v2"
        },
        {
            "nome": "joão schardo",
            "email": "slrbv@emailteste.com.br",
            "password": "1234",
            "administrador": "true",
            "_id": "jD4MDSAC2b2GIMhQ"
        },
        {
            "nome": "Beatriz Ramos",
            "email": "bia@uol.com",
            "password": "katriny5",
            "administrador": "false",
            "_id": "lyVkSEFkBksl3lJU"
        },
        {
            "nome": "Teste robot api",
            "email": "teste@teste.com.br",
            "password": "teste",
            "administrador": "true",
            "_id": "mdnjI1XgI32QhoIZ"
        },
        {
            "nome": "joao schardo",
            "email": "vphnb@emailteste.com.br",
            "password": "1234",
            "administrador": "true",
            "_id": "oTQikB8K4O4MALNH"
        },
        {
            "nome": "Guilherme Nicolas Cláudio Pires",
            "email": "guilherme.nicolsaes.pires@acmsaopaulo.org",
            "password": "teste",
            "administrador": "true",
            "_id": "p3MFGAhl3DjHmkSG"
        },
        {
            "nome": "joao schardo",
            "email": "ffmkk@emailteste.com.br",
            "password": "1234",
            "administrador": "true",
            "_id": "pAlcjXp9jxpWWeg9"
        },
        {
            "nome": "joão schardo",
            "email": "qnpuy@emailteste.com.br",
            "password": "1234",
            "... (set the log level to DEBUG or TRACE to see the full content) 
 </msg>
<msg timestamp="20240314 21:03:47.591" level="INFO">${response} = &lt;Response [200]&gt;</msg>
<status status="PASS" starttime="20240314 21:03:47.192" endtime="20240314 21:03:47.591"/>
</kw>
<kw name="Status Should Be" library="RequestsLibrary">
<arg>200</arg>
<doc>Fails if response status code is different than the expected.</doc>
<status status="PASS" starttime="20240314 21:03:47.592" endtime="20240314 21:03:47.592"/>
</kw>
<status status="PASS" starttime="20240314 21:03:47.190" endtime="20240314 21:03:47.593"/>
</test>
<doc>Consulta Usuarios live Robot</doc>
<status status="FAIL" starttime="20240314 21:03:46.456" endtime="20240314 21:03:47.595"/>
</suite>
<statistics>
<total>
<stat pass="1" fail="1" skip="0">All Tests</stat>
</total>
<tag>
</tag>
<suite>
<stat pass="1" fail="1" skip="0" id="s1" name="Serverest">Serverest</stat>
</suite>
</statistics>
<errors>
</errors>
</robot>
