<?xml version="1.0" encoding="UTF-8"?>
<robot generator="Robot 4.1.3 (Python 3.10.2 on win32)" generated="20240318 12:55:03.093" rpa="false" schemaversion="2">
<suite id="s1" name="Serverest" source="C:\live_API\serverest.robot">
<test id="s1-t1" name="Cadastro Usuario">
<kw name="Create Dictionary" library="BuiltIn">
<var>${payload}</var>
<arg>nome=Guilherme Nicolas Cláudio Pires</arg>
<arg>email=noah-gomes92@br.atlasdfscopsdfsdfco.com</arg>
<arg>password=teste</arg>
<arg>administrador=true</arg>
<doc>Creates and returns a dictionary based on the given ``items``.</doc>
<msg timestamp="20240318 12:55:03.264" level="INFO">${payload} = {'nome': 'Guilherme Nicolas Cláudio Pires', 'email': 'noah-gomes92@br.atlasdfscopsdfsdfco.com', 'password': 'teste', 'administrador': 'true'}</msg>
<status status="PASS" starttime="20240318 12:55:03.263" endtime="20240318 12:55:03.264"/>
</kw>
<kw name="Create Dictionary" library="BuiltIn">
<var>${headers}</var>
<arg>accept=application/json</arg>
<arg>Content-Type=application/json</arg>
<doc>Creates and returns a dictionary based on the given ``items``.</doc>
<msg timestamp="20240318 12:55:03.264" level="INFO">${headers} = {'accept': 'application/json', 'Content-Type': 'application/json'}</msg>
<status status="PASS" starttime="20240318 12:55:03.264" endtime="20240318 12:55:03.264"/>
</kw>
<kw name="POST" library="RequestsLibrary">
<var>${response}</var>
<arg>${CADASTRO_USUARIO}</arg>
<arg>json=${payload}</arg>
<arg>headers=${headers}</arg>
<doc>Sends a POST request.</doc>
<msg timestamp="20240318 12:55:03.924" level="INFO">POST Request : url=https://serverest.dev/usuarios 
 path_url=/usuarios 
 headers={'User-Agent': 'python-requests/2.27.1', 'Accept-Encoding': 'gzip, deflate', 'accept': 'application/json', 'Connection': 'keep-alive', 'Content-Type': 'application/json', 'Content-Length': '146'} 
 body=b'{"nome": "Guilherme Nicolas Cl\\u00e1udio Pires", "email": "noah-gomes92@br.atlasdfscopsdfsdfco.com", "password": "teste", "administrador": "true"}' 
 </msg>
<msg timestamp="20240318 12:55:03.924" level="INFO">POST Response : url=https://serverest.dev/usuarios 
 status=400, reason=Bad Request 
 headers={'access-control-allow-origin': '*', 'x-dns-prefetch-control': 'off', 'x-frame-options': 'SAMEORIGIN', 'strict-transport-security': 'max-age=15552000; includeSubDomains', 'x-download-options': 'noopen', 'x-content-type-options': 'nosniff', 'x-xss-protection': '1; mode=block', 'content-type': 'application/json; charset=utf-8', 'X-Cloud-Trace-Context': '347dd4fa2841c348bf159c93bdfc3cd6;o=1', 'Date': 'Mon, 18 Mar 2024 15:55:04 GMT', 'Server': 'Google Frontend', 'Content-Length': '53'} 
 body={
    "message": "Este email já está sendo usado"
} 
 </msg>
<msg timestamp="20240318 12:55:03.968" level="FAIL">HTTPError: 400 Client Error: Bad Request for url: https://serverest.dev/usuarios</msg>
<status status="FAIL" starttime="20240318 12:55:03.265" endtime="20240318 12:55:03.968"/>
</kw>
<kw name="Status Should Be" library="RequestsLibrary">
<arg>201</arg>
<doc>Fails if response status code is different than the expected.</doc>
<status status="NOT RUN" starttime="20240318 12:55:03.969" endtime="20240318 12:55:03.969"/>
</kw>
<status status="FAIL" starttime="20240318 12:55:03.263" endtime="20240318 12:55:03.970">HTTPError: 400 Client Error: Bad Request for url: https://serverest.dev/usuarios</status>
</test>
<test id="s1-t2" name="Lista de usuarios cadastrados">
<kw name="Create Dictionary" library="BuiltIn">
<var>${headers}</var>
<arg>accept=application/json</arg>
<arg>Content-Type=application/json</arg>
<doc>Creates and returns a dictionary based on the given ``items``.</doc>
<msg timestamp="20240318 12:55:03.972" level="INFO">${headers} = {'accept': 'application/json', 'Content-Type': 'application/json'}</msg>
<status status="PASS" starttime="20240318 12:55:03.972" endtime="20240318 12:55:03.972"/>
</kw>
<kw name="GET" library="RequestsLibrary">
<var>${response}</var>
<arg>${LISTA_USUARIO}</arg>
<arg>headers=${headers}</arg>
<doc>Sends a GET request.</doc>
<msg timestamp="20240318 12:55:04.335" level="INFO">GET Request : url=https://serverest.dev/usuarios 
 path_url=/usuarios 
 headers={'User-Agent': 'python-requests/2.27.1', 'Accept-Encoding': 'gzip, deflate', 'accept': 'application/json', 'Connection': 'keep-alive', 'Content-Type': 'application/json'} 
 body=None 
 </msg>
<msg timestamp="20240318 12:55:04.335" level="INFO">GET Response : url=https://serverest.dev/usuarios 
 status=200, reason=OK 
 headers={'access-control-allow-origin': '*', 'x-dns-prefetch-control': 'off', 'x-frame-options': 'SAMEORIGIN', 'strict-transport-security': 'max-age=15552000; includeSubDomains', 'x-download-options': 'noopen', 'x-content-type-options': 'nosniff', 'x-xss-protection': '1; mode=block', 'content-type': 'application/json; charset=utf-8', 'X-Cloud-Trace-Context': '8b6d9f96b60b3519b55038c7cbbf297b', 'Date': 'Mon, 18 Mar 2024 15:55:04 GMT', 'Server': 'Google Frontend', 'Content-Length': '1000'} 
 body={
    "quantidade": 4,
    "usuarios": [
        {
            "nome": "Fulano da Silva",
            "email": "fulano@qa.com",
            "password": "teste",
            "administrador": "true",
            "_id": "0uxuPY0cbmQhpEz1"
        },
        {
            "nome": "Guilherme Nicolas Cláudio Pires",
            "email": "noah-gomes92@br.atlasdfscopsdfsdfco.com",
            "password": "teste",
            "administrador": "true",
            "_id": "1m8mlKJTMwZIM5JK"
        },
        {
            "nome": "Guilherme Nicolas Cláudio Pires",
            "email": "noah-gomes92@br.atlasdfscopsdfsdfco.com",
            "password": "teste",
            "administrador": "true",
            "_id": "QAokdqLgnpMWWXDK"
        },
        {
            "nome": "Guilherme Nicolas Cláudio Pires",
            "email": "noah-gomes92@br.atlasdfscopsdfsdfco.com",
            "password": "teste",
            "administrador": "true",
            "_id": "T9K4YbKcbF36mLAz"
        }
    ]
} 
 </msg>
<msg timestamp="20240318 12:55:04.335" level="INFO">${response} = &lt;Response [200]&gt;</msg>
<status status="PASS" starttime="20240318 12:55:03.973" endtime="20240318 12:55:04.335"/>
</kw>
<kw name="Status Should Be" library="RequestsLibrary">
<arg>200</arg>
<doc>Fails if response status code is different than the expected.</doc>
<status status="PASS" starttime="20240318 12:55:04.336" endtime="20240318 12:55:04.336"/>
</kw>
<status status="PASS" starttime="20240318 12:55:03.971" endtime="20240318 12:55:04.336"/>
</test>
<doc>Consulta Usuarios live Robot</doc>
<status status="FAIL" starttime="20240318 12:55:03.095" endtime="20240318 12:55:04.339"/>
</suite>
<statistics>
<total>
<stat pass="1" fail="1" skip="0">All Tests</stat>
</total>
<tag>
</tag>
<suite>
<stat pass="1" fail="1" skip="0" id="s1" name="Serverest">Serverest</stat>
</suite>
</statistics>
<errors>
</errors>
</robot>
