<?xml version="1.0" encoding="UTF-8"?>
<robot generator="Robot 4.1.3 (Python 3.10.2 on win32)" generated="20240318 23:03:02.125" rpa="false" schemaversion="2">
<suite id="s1" name="Serverest" source="C:\live_API\serverest.robot">
<test id="s1-t1" name="Acessar o site DemoBlaze e verificar o título">
<kw name="Open Browser" library="SeleniumLibrary">
<arg>https://www.demoblaze.com/</arg>
<arg>${BROWSER}</arg>
<doc>Opens a new browser instance to the optional ``url``.</doc>
<msg timestamp="20240318 23:03:02.592" level="INFO">Opening browser 'headlesschrome' to base url 'https://www.demoblaze.com/'.</msg>
<status status="PASS" starttime="20240318 23:03:02.590" endtime="20240318 23:03:06.205"/>
</kw>
<kw name="Maximize Browser Window" library="SeleniumLibrary">
<doc>Maximizes current browser window.</doc>
<status status="PASS" starttime="20240318 23:03:06.206" endtime="20240318 23:03:06.316"/>
</kw>
<kw name="Get Title" library="SeleniumLibrary">
<var>${title}</var>
<doc>Returns the title of the current page.</doc>
<msg timestamp="20240318 23:03:06.323" level="INFO">${title} = STORE</msg>
<status status="PASS" starttime="20240318 23:03:06.317" endtime="20240318 23:03:06.323"/>
</kw>
<kw name="Should Be Equal" library="BuiltIn">
<arg>${title}</arg>
<arg>Your Expected Title</arg>
<doc>Fails if the given objects are unequal.</doc>
<msg timestamp="20240318 23:03:06.324" level="FAIL">STORE != Your Expected Title</msg>
<status status="FAIL" starttime="20240318 23:03:06.323" endtime="20240318 23:03:06.324"/>
</kw>
<status status="FAIL" starttime="20240318 23:03:02.587" endtime="20240318 23:03:06.325">STORE != Your Expected Title</status>
</test>
<status status="FAIL" starttime="20240318 23:03:02.127" endtime="20240318 23:03:06.327"/>
</suite>
<statistics>
<total>
<stat pass="0" fail="1" skip="0">All Tests</stat>
</total>
<tag>
</tag>
<suite>
<stat pass="0" fail="1" skip="0" id="s1" name="Serverest">Serverest</stat>
</suite>
</statistics>
<errors>
</errors>
</robot>
