<?xml version="1.0" encoding="UTF-8"?>
<robot generator="Robot 4.1.3 (Python 3.10.2 on win32)" generated="20240318 22:49:15.809" rpa="false" schemaversion="2">
<suite id="s1" name="Serverest" source="C:\live_API\serverest.robot">
<test id="s1-t1" name="Acessar o site DemoBlaze">
<kw name="Open Browser" library="SeleniumLibrary">
<arg>https://www.demoblaze.com/</arg>
<arg>${BROWSER}</arg>
<doc>Opens a new browser instance to the optional ``url``.</doc>
<msg timestamp="20240318 22:49:16.120" level="INFO">Opening browser 'headlesschrome' to base url 'https://www.demoblaze.com/'.</msg>
<status status="PASS" starttime="20240318 22:49:16.119" endtime="20240318 22:49:19.151"/>
</kw>
<kw name="Maximize Browser Window" library="SeleniumLibrary">
<doc>Maximizes current browser window.</doc>
<status status="PASS" starttime="20240318 22:49:19.152" endtime="20240318 22:49:19.268"/>
</kw>
<status status="PASS" starttime="20240318 22:49:16.119" endtime="20240318 22:49:19.270"/>
</test>
<status status="PASS" starttime="20240318 22:49:15.810" endtime="20240318 22:49:19.278"/>
</suite>
<statistics>
<total>
<stat pass="1" fail="0" skip="0">All Tests</stat>
</total>
<tag>
</tag>
<suite>
<stat pass="1" fail="0" skip="0" id="s1" name="Serverest">Serverest</stat>
</suite>
</statistics>
<errors>
</errors>
</robot>
